TN:
SF:src/services/tweet.service.ts
FN:6,(anonymous_1)
FN:11,(anonymous_2)
FN:15,(anonymous_3)
FN:23,(anonymous_4)
FN:27,(anonymous_5)
FN:33,(anonymous_6)
FNF:6
FNH:3
FNDA:1,(anonymous_1)
FNDA:0,(anonymous_2)
FNDA:2,(anonymous_3)
FNDA:0,(anonymous_4)
FNDA:1,(anonymous_5)
FNDA:0,(anonymous_6)
DA:1,1
DA:5,1
DA:7,1
DA:8,1
DA:11,1
DA:12,0
DA:15,1
DA:16,2
DA:17,2
DA:18,1
DA:20,0
DA:23,1
DA:24,0
DA:27,1
DA:28,1
DA:29,1
DA:30,0
DA:33,1
DA:34,0
LF:19
LH:14
BRDA:17,0,0,1
BRDA:17,0,1,1
BRDA:18,1,0,1
BRDA:18,1,1,0
BRDA:29,2,0,1
BRDA:29,2,1,0
BRF:6
BRH:4
end_of_record
TN:
SF:src/services/user.service.ts
FN:8,(anonymous_1)
FN:13,(anonymous_2)
FN:37,(anonymous_3)
FN:51,(anonymous_4)
FN:61,(anonymous_5)
FNF:5
FNH:3
FNDA:1,(anonymous_1)
FNDA:3,(anonymous_2)
FNDA:0,(anonymous_3)
FNDA:2,(anonymous_4)
FNDA:0,(anonymous_5)
DA:1,1
DA:2,1
DA:7,1
DA:9,1
DA:10,1
DA:13,1
DA:14,3
DA:15,3
DA:17,2
DA:18,2
DA:20,1
DA:22,1
DA:27,1
DA:37,1
DA:38,0
DA:39,0
DA:41,0
DA:51,1
DA:52,2
DA:53,1
DA:55,1
DA:56,1
DA:58,0
DA:61,1
DA:62,0
LF:25
LH:20
BRDA:15,0,0,1
BRDA:15,0,1,2
BRDA:18,1,0,1
BRDA:18,1,1,1
BRDA:39,2,0,0
BRDA:39,2,1,0
BRDA:52,3,0,1
BRDA:52,3,1,1
BRDA:56,4,0,1
BRDA:56,4,1,0
BRF:10
BRH:7
end_of_record
